<?xml version="1.0" encoding="UTF-8"?>
<testsuite name="ApiPitik" tests="1" skipped="0" failures="0" errors="0" timestamp="2023-11-13T05:15:22" hostname="Sitis-MBP" time="1.026">
  <properties/>
  <testcase name="loginPitik()" classname="ApiPitik" time="1.026"/>
  <system-out><![CDATA[Request method:	POST
Request URI:	https://api-dev.pitik.id/v2/auth
Proxy:			<none>
Request params:	<none>
Query params:	<none>
Form params:	<none>
Path params:	<none>
Headers:		Accept=application/json, application/javascript, text/javascript, text/json
				Content-Type=application/json; charset=UTF-8
Cookies:		<none>
Multiparts:		<none>
Body:
{
    "username": "siti.wulandari@pitik.id",
    "password": "12345qa"
}
{
    "code": 200,
    "data": {
        "id": "ee4bd16e-5ce1-4e9d-acc3-c64514a5c220",
        "token": "eyJhbGciOiJIUzI1NiIsInR5cCI6IkpXVCJ9.eyJpZCI6ImVlNGJkMTZlLTVjZTEtNGU5ZC1hY2MzLWM2NDUxNGE1YzIyMCIsInJvbGVJZCI6IjBkZmJiYmVkLWU1ZWMtNDM2MC05ZjM0LTJiNzdkNGNjZDM0NiIsImlhdCI6MTY5OTg1MjUyMywiZXhwIjoxNjk5OTM4OTIzLCJhdWQiOiJodHRwczovL2FwaS5waXRpay5kZXYvdjIiLCJpc3MiOiJwaXRpayJ9.o5BPNuimsZ28UARjO62yKloic8RIRV0y2imMa9Ha8HA",
        "acceptTnc": 0,
        "refreshToken": "eyJhbGciOiJIUzI1NiIsInR5cCI6IkpXVCJ9.eyJpZCI6ImVlNGJkMTZlLTVjZTEtNGU5ZC1hY2MzLWM2NDUxNGE1YzIyMCIsInJvbGVJZCI6IjBkZmJiYmVkLWU1ZWMtNDM2MC05ZjM0LTJiNzdkNGNjZDM0NiIsImlhdCI6MTY5OTg1MjUyMywiZXhwIjoxNzAwMDI1MzIzLCJhdWQiOiJodHRwczovL2FwaS5waXRpay5kZXYvdjIiLCJpc3MiOiJwaXRpayJ9.wx-kCrMJx_dkIrXkywZbxJ6a0NzmkcuxVAAvHV7tuDk",
        "action": null
    }
}
The response status is 200
]]></system-out>
  <system-err><![CDATA[]]></system-err>
</testsuite>
